<?xml version="1.0" encoding="UTF-8"?>
<!-- Generated by org.testng.reporters.JUnitReportReporter -->
<testsuite skipped="0" hostname="deepalis-MacBook-Pro.local" name="listen.login" tests="1" failures="0" timestamp="2023-08-28T13:19:35 IST" time="2.362" errors="0">
  <testcase name="testone" time="2.362" classname="listen.login"/>
  <system-out/>
</testsuite> <!-- listen.login -->
