<?xml version="1.0" encoding="UTF-8"?>
<!-- Generated by org.testng.reporters.JUnitReportReporter -->
<testsuite skipped="0" hostname="deepalis-MacBook-Pro.local" name="edureka.Testing" tests="1" failures="0" timestamp="2023-08-20T11:58:36 IST" time="0.313" errors="0">
  <testcase name="positive" time="0.313" classname="edureka.Testing"/>
  <system-out/>
</testsuite> <!-- edureka.Testing -->
