<?xml version="1.0" encoding="UTF-8"?>
<!-- Generated by org.testng.reporters.JUnitReportReporter -->
<testsuite skipped="0" hostname="deepalis-MacBook-Pro.local" name="Practice09_26.testNGprc2" tests="1" failures="0" timestamp="2024-02-07T21:53:08 IST" time="0.002" errors="0">
  <testcase name="nametest3" time="0.002" classname="Practice09_26.testNGprc2"/>
  <system-out/>
</testsuite> <!-- Practice09_26.testNGprc2 -->
