<?xml version="1.0" encoding="UTF-8"?>
<!-- Generated by org.testng.reporters.JUnitReportReporter -->
<testsuite skipped="0" hostname="deepalis-MacBook-Pro.local" name="edureka.TestNGpractice" tests="2" failures="0" timestamp="2023-09-06T16:38:04 IST" time="0.002" errors="0">
  <testcase name="testCase2" time="0.000" classname="edureka.TestNGpractice"/>
  <system-out/>
  <testcase name="testCase1" time="0.002" classname="edureka.TestNGpractice"/>
  <system-out/>
</testsuite> <!-- edureka.TestNGpractice -->
