<?xml version="1.0" encoding="UTF-8"?>
<!-- Generated by org.testng.reporters.JUnitReportReporter -->
<testsuite skipped="0" hostname="deepalis-MacBook-Pro.local" name="listeners.Demo" tests="1" failures="0" timestamp="2024-02-01T13:27:14 IST" time="2.372" errors="0">
  <testcase name="testone" time="2.372" classname="listeners.Demo"/>
  <system-out/>
</testsuite> <!-- listeners.Demo -->
